<?xml version="1.0" encoding="UTF-8" ?>
<testsuites name="vitest tests" tests="4" failures="0" errors="0" time="2.233">
    <testsuite name="tests/question.service.api.test.ts" timestamp="2025-12-20T00:51:02.026Z" hostname="DESKTOP-94RTQHM" tests="1" failures="0" errors="0" skipped="0" time="1.215">
        <testcase classname="tests/question.service.api.test.ts" name="getAllSurveyQuestionsService &gt; returns questions with options that match SURVEY_OPTIONS" time="1.213">
        </testcase>
    </testsuite>
    <testsuite name="tests/question.service.test.ts" timestamp="2025-12-20T00:51:02.029Z" hostname="DESKTOP-94RTQHM" tests="2" failures="0" errors="0" skipped="0" time="0.006">
        <testcase classname="tests/question.service.test.ts" name="SURVEY_OPTIONS mapping &gt; has options for FOOD_FREQUENCY" time="0.003">
        </testcase>
        <testcase classname="tests/question.service.test.ts" name="SURVEY_OPTIONS mapping &gt; has severity options for FOOD_SECURITY_SEVERITY" time="0.001">
        </testcase>
    </testsuite>
    <testsuite name="tests/surveyQuestions.api.test.ts" timestamp="2025-12-20T00:51:02.031Z" hostname="DESKTOP-94RTQHM" tests="1" failures="0" errors="0" skipped="0" time="0.834">
        <testcase classname="tests/surveyQuestions.api.test.ts" name="GET /api/survey-questions (integration) &gt; returns questions with options matching SURVEY_OPTIONS" time="0.832">
        </testcase>
    </testsuite>
</testsuites>
