<?xml version="1.0" encoding="UTF-8" ?>
<testsuites name="vitest tests" tests="3" failures="0" errors="0" time="3.539">
    <testsuite name="tests/payload.spec.ts" timestamp="2025-12-20T05:11:00.466Z" hostname="DESKTOP-94RTQHM" tests="1" failures="0" errors="0" skipped="0" time="0.01">
        <testcase classname="tests/payload.spec.ts" name="Beneficiary payload builder &gt; formats phone to +63 and includes household members and ISO dates" time="0.009">
        </testcase>
    </testsuite>
    <testsuite name="src/components/features/beneficiary/fields/SurveyQuestion.test.tsx" timestamp="2025-12-20T05:11:00.467Z" hostname="DESKTOP-94RTQHM" tests="2" failures="0" errors="0" skipped="0" time="0.052">
        <testcase classname="src/components/features/beneficiary/fields/SurveyQuestion.test.tsx" name="renders options and labels" time="0.044">
        </testcase>
        <testcase classname="src/components/features/beneficiary/fields/SurveyQuestion.test.tsx" name="falls back to canonical options when options missing" time="0.006">
        </testcase>
    </testsuite>
</testsuites>
